Sat Sep 29 14:37:09 EST 2012 : Apache Derby Network Server - 10.9.1.0 - (1344872) started and ready to accept connections on port 1527
----------------------------------------------------------------
Sat Sep 29 14:42:26 EST 2012:
Booting Derby version The Apache Software Foundation - Apache Derby - 10.9.1.0 - (1344872): instance a816c00e-013a-1050-4cd6-fffff5696bce 
on database directory /tmp_amd/adams/export/adams/1/lachd/workspace/BlackAndGarcias/movieDB  with class loader sun.misc.Launcher$AppClassLoader@14fe5c 
Loaded from file:/tmp_amd/adams/export/adams/1/lachd/db-derby-10.9.1.0-bin/lib/derby.jar
java.vendor=Sun Microsystems Inc.
java.runtime.version=1.6.0_16-b01
user.dir=/tmp_amd/adams/export/adams/1/lachd/workspace/BlackAndGarcias
derby.system.home=/tmp_amd/adams/export/adams/1/lachd/workspace/BlackAndGarcias
Database Class Loader started - derby.database.classpath=''
----------------------------------------------------------------
Sat Sep 29 14:42:27 EST 2012:
Shutting down instance a816c00e-013a-1050-4cd6-fffff5696bce on database directory /tmp_amd/adams/export/adams/1/lachd/workspace/BlackAndGarcias/movieDB with class loader sun.misc.Launcher$AppClassLoader@14fe5c 
Sat Sep 29 14:42:27 EST 2012 Thread[DRDAConnThread_4,5,main] (DATABASE = movieDB), (DRDAID = {3}), Database 'movieDB' shutdown.
----------------------------------------------------------------
Sat Sep 29 14:42:42 EST 2012:
Booting Derby version The Apache Software Foundation - Apache Derby - 10.9.1.0 - (1344872): instance 601a400f-013a-1050-4cd6-fffff5696bce 
on database directory /tmp_amd/adams/export/adams/1/lachd/workspace/BlackAndGarcias/movieDB  with class loader sun.misc.Launcher$AppClassLoader@14fe5c 
Loaded from file:/tmp_amd/adams/export/adams/1/lachd/db-derby-10.9.1.0-bin/lib/derby.jar
java.vendor=Sun Microsystems Inc.
java.runtime.version=1.6.0_16-b01
user.dir=/tmp_amd/adams/export/adams/1/lachd/workspace/BlackAndGarcias
derby.system.home=/tmp_amd/adams/export/adams/1/lachd/workspace/BlackAndGarcias
Database Class Loader started - derby.database.classpath=''
----------------------------------------------------------------
Sat Sep 29 18:54:53 EST 2012:
Shutting down instance 601a400f-013a-1050-4cd6-fffff5696bce on database directory /tmp_amd/adams/export/adams/1/lachd/workspace/BlackAndGarcias/movieDB with class loader sun.misc.Launcher$AppClassLoader@14fe5c 
Sat Sep 29 18:54:53 EST 2012 Thread[DRDAConnThread_9,5,main] (DATABASE = movieDB), (DRDAID = {458}), Database 'movieDB' shutdown.
